
[Sun 11 2011 04:31:21] -- Hook: call: core_init
[Sun 11 2011 04:31:21] -- Hook: call: core_init_http
[Sun 11 2011 04:31:21] -- Hook: calling: \mod\smarty\Main::hook_core_init_http
[Sun 11 2011 04:31:21] -- Hook: calling: \mod\webpage\Main::hook_core_init_http
[Sun 11 2011 04:31:21] -- Hook: calling: \mod\regroute\Main::hook_core_init_http
[Sun 11 2011 04:31:21] -- Hook: call: mod_site_test_http
[Sun 11 2011 04:31:21] -- Hook: calling: \mod\site_test\Main::hook_mod_site_test_http
[Sun 11 2011 04:31:21] -- Hook: call: core_process_http
[Sun 11 2011 04:31:21] -- Hook: calling: \mod\webpage\Main::hook_core_process_http
[Sun 11 2011 04:31:21] -- Hook: call: mod_smarty_hook_mod_site_test_banner
[Sun 11 2011 04:31:21] -- Hook: calling: \mod\smarty\Main::_hook_template
[Sun 11 2011 04:31:21] -- Hook: call: mod_smarty_hook_mod_site_test_content
[Sun 11 2011 04:31:21] -- Hook: calling: \mod\smarty\Main::_hook_template
[Sun 11 2011 04:31:21] -- Hook: call: mod_smarty_hook_mod_webpage_body
[Sun 11 2011 04:31:21] -- Hook: calling: \mod\smarty\Main::_hook_template
[Sun 11 2011 04:31:21] -- Hook: call: mod_smarty_hook_mod_site_test_footer
[Sun 11 2011 04:31:21] -- Hook: calling: \mod\smarty\Main::_hook_template
[Sun 11 2011 04:31:42] -- Hook: call: core_init
[Sun 11 2011 04:31:42] -- Hook: call: core_init_http
[Sun 11 2011 04:31:42] -- Hook: calling: \mod\smarty\Main::hook_core_init_http
[Sun 11 2011 04:31:42] -- Hook: calling: \mod\webpage\Main::hook_core_init_http
[Sun 11 2011 04:31:42] -- Hook: calling: \mod\regroute\Main::hook_core_init_http
[Sun 11 2011 04:31:42] -- Hook: call: mod_site_test_http
[Sun 11 2011 04:31:42] -- Hook: calling: \mod\site_test\Main::hook_mod_site_test_http
[Sun 11 2011 04:31:42] -- Hook: call: core_process_http
[Sun 11 2011 04:31:42] -- Hook: calling: \mod\webpage\Main::hook_core_process_http
[Sun 11 2011 04:31:42] -- Hook: call: mod_smarty_hook_mod_site_test_banner
[Sun 11 2011 04:31:42] -- Hook: calling: \mod\smarty\Main::_hook_template
[Sun 11 2011 04:31:42] -- Hook: call: mod_smarty_hook_mod_site_test_content
[Sun 11 2011 04:31:42] -- Hook: calling: \mod\smarty\Main::_hook_template
[Sun 11 2011 04:31:42] -- Hook: call: mod_smarty_hook_mod_webpage_body
[Sun 11 2011 04:31:42] -- Hook: calling: \mod\smarty\Main::_hook_template
[Sun 11 2011 04:31:42] -- Hook: call: mod_smarty_hook_mod_site_test_footer
[Sun 11 2011 04:31:42] -- Hook: calling: \mod\smarty\Main::_hook_template
[Sun 11 2011 04:33:01] -- Hook: call: core_init
[Sun 11 2011 04:33:01] -- Hook: call: core_init_http
[Sun 11 2011 04:33:01] -- Hook: calling: \mod\smarty\Main::hook_core_init_http
[Sun 11 2011 04:33:01] -- Hook: calling: \mod\webpage\Main::hook_core_init_http
[Sun 11 2011 04:33:01] -- Hook: calling: \mod\regroute\Main::hook_core_init_http
[Sun 11 2011 04:33:01] -- Hook: call: mod_site_test_http
[Sun 11 2011 04:33:01] -- Hook: calling: \mod\site_test\Main::hook_mod_site_test_http
[Sun 11 2011 04:33:01] -- Hook: call: core_process_http
[Sun 11 2011 04:33:01] -- Hook: calling: \mod\webpage\Main::hook_core_process_http
[Sun 11 2011 04:33:01] -- Hook: call: mod_smarty_hook_mod_site_test_banner
[Sun 11 2011 04:33:01] -- Hook: calling: \mod\smarty\Main::_hook_template
[Sun 11 2011 04:33:01] -- Hook: call: mod_smarty_hook_mod_site_test_content
[Sun 11 2011 04:33:01] -- Hook: calling: \mod\smarty\Main::_hook_template
[Sun 11 2011 04:33:01] -- Hook: call: mod_smarty_hook_mod_webpage_body
[Sun 11 2011 04:33:01] -- Hook: calling: \mod\smarty\Main::_hook_template
[Sun 11 2011 04:33:01] -- Hook: call: mod_smarty_hook_mod_site_test_footer
[Sun 11 2011 04:33:01] -- Hook: calling: \mod\smarty\Main::_hook_template
[Sun 11 2011 04:44:50] -- Hook: call: core_init
[Sun 11 2011 04:44:50] -- Hook: call: core_init_http
[Sun 11 2011 04:44:50] -- Hook: calling: \mod\smarty\Main::hook_core_init_http
[Sun 11 2011 04:44:50] -- Hook: calling: \mod\webpage\Main::hook_core_init_http
[Sun 11 2011 04:44:50] -- Hook: calling: \mod\regroute\Main::hook_core_init_http
[Sun 11 2011 04:44:50] -- Hook: call: mod_site_test_http
[Sun 11 2011 04:44:50] -- Hook: calling: \mod\site_test\Main::hook_mod_site_test_http
[Sun 11 2011 04:44:50] -- Hook: call: core_process_http
[Sun 11 2011 04:44:50] -- Hook: calling: \mod\webpage\Main::hook_core_process_http
[Sun 11 2011 04:44:50] -- Hook: call: mod_smarty_hook_mod_site_test_banner
[Sun 11 2011 04:44:50] -- Hook: calling: \mod\smarty\Main::_hook_template
[Sun 11 2011 04:44:50] -- Hook: call: mod_smarty_hook_mod_site_test_content
[Sun 11 2011 04:44:50] -- Hook: calling: \mod\smarty\Main::_hook_template
[Sun 11 2011 04:44:50] -- Hook: call: mod_smarty_hook_mod_webpage_body
[Sun 11 2011 04:44:50] -- Hook: calling: \mod\smarty\Main::_hook_template
[Sun 11 2011 04:44:50] -- Hook: call: mod_smarty_hook_mod_site_test_footer
[Sun 11 2011 04:44:50] -- Hook: calling: \mod\smarty\Main::_hook_template
